20.0 79.4
21.2 81.0
22.8 83.0
24.6 85.0
26.8 87.0
28.0 88.0
29.3 89.0
30.8 90.0
32.8 91.0
35.1 92.0
38.3 93.0
43.6 94.0
49.1 94.5
50.7 94.6
53   94.7
55.7 94.8
59   94.89
64   94.98
70   95.04
80   95.10
90   95.13 
100  95.16
122  95.18
145  95.19
175  95.20
206.96 95.23
215.42 94.994
227.4 95.353
235.28 95.632
252.37 95.952
269.09 96.111
288.06 96.471
303.47 96.67
323.57 96.471
341.55 96.232
359.1 95.874
367.84 95.595
391.42 95.515
411.53 95.236
426.64 94.957
445.87 94.559
462.25 94.24
476.35 93.802
489.91 93.204
514.04 93.045
542.62 93.045
558.06 92.886
585.56 93.085
615.64 93.245
648.6 93.405
664.4 93.405
683.3 93.724
702.7 94.003
716.9 94.362
732.9 94.322
755.3 94.642
776.8 95.2
802.1 95.559
826.5 95.998
862.1 96.436
899.1 96.516
941.5 96.676
997.9 96.876
1036.6 97.075
1076.8 97.355
1123.1 97.514
1190.3 97.156
1236.5 96.917
1326.3 96.558
1388.9 96.359
1469 95.921
1516.9 95.682
1566.3 95.403
1594.8 95.164
1646.8 95.563
1717.6 96.081
1798.6 96.64
1857.2 97.039
1910 97.637
1940.9 97.956
1992.1 98.115
2052.9 97.956
2086.1 97.597
2171.4 97.239
2197.7 97.558
2251.2 98.435
2283 98.874
2310.6 99.273
2352.6 99.831
2381.1 100.19
2424.4 100.589
2493.4 100.31
2533.7 99.632
2585 98.874
2616.3 98.117
2679.9 96.323
2745.2 94.728
2800.7 93.612
2857.4 93.054
2927 93.532
2968.3 94.09
3040.6 94.21
3190.4 94.29
3248.4 93.812
3442.8 93.812
3540.7 93.134
3626.9 91.5
3752.6 89.506
3851.7 88.988
4025.3 89.228
4164.7 89.228
4309.1 88.311
4361.2 87.633
4485.3 86.437
4557.8 85.48
4631.4 84.523
4734.6 83.806
4849.9 83.248
4987.9 82.969
5088.8 83.726
5119.5 84.364
5212.7 85.042
5296.9 85.401
5447.6 83.488
5458.6 84.644
5569.1 82.491
5739 81.255
5808.4 79.939
5914.1 78.943
6009.7 77.906
6106.8 76.949
6206 75.514
6369 73.64
6485 71.248
6791 70.53
6956 69.494
7083 69.613
7226 70.052
7447 69.733
7567 69.016
7628 68.178
7798 67.062
7877 66.025
8036 65.707
8085 66.504
8133 67.421
8248 68.298
8382 67.7
8483 66.744
8517 64.67
8707 63.753
8955 62.996
