228.92	69.223
236.78	71.412
250.13	74.944
259.08	77.274
267.59	79.463
283.07	83.347
296.1	86.102
310.6	88.362
327.65	90.621
339.85	91.822
362.56	94.011
378.71	95.141
392.82	96.271
405.16	97.472
425	99.096
439.58	100.085
463.71	100.932
492.61	101.992
535.98	103.192
589.76	104.251
655.35	105.311
696.2	105.876
734.41	106.441
763.9	107.076
802.44	107.782
848.87	108.771
887.9	109.407
944.6	110.466
1010.6	110.749
1099.5	111.172
1223.5	111.314
1365.4	110.89
1571.5	110.325
1669.5	110.395
1808.8	111.031
2001.5	111.808
2177.7	111.243
2349.5	110.89
2629.2	110.184
3073.3	110.042
3547.3	109.619
4088.6	109.689
4779.3	109.901
5170.8	109.901
5462.3	110.96
5641.8	111.667
6001.9	112.726
6260.5	112.232
6548.7	111.102
6773.4	110.042
7165.3	111.031
7633.4	110.325
8120.6	109.689
8724.3	108.771
9360	109.336
9818	109.972
10270	111.455
10593	112.02
10956	111.243
11300	110.537
11837	109.336
12417	108.559
12934	109.266
13340	110.537
13856	112.655
14231	114.138
14761	112.867
15118	110.89
15332	109.336
15659	107.782
16242	105.099
16612	106.37
16966	107.994
17377	110.395
17772	112.655
18434	114.633
19013	115.48
19916	114.28
20570	112.161
21009	109.407
21427	106.864
21639	103.898
22131	99.379
