200	55.143
212.1	56.286
217.59	56.534
222.08	57.177
231.74	58.286
238.15	58.891
245.98	59.5
254.72	60.106
267.16	60.714
278.31	61.32
292.15	61.891
304.08	62.32
328.58	62.534
339.09	63.143
346.98	64.034
354.75	64.606
363.62	65.391
375.58	66.32
392.25	68.106
400.69	69.391
411.76	70.571
428.2	72.643
440.41	74.034
457.22	75.429
477.11	76.749
497.02	78.249
521.29	79.749
553.31	81.429
567.63	82.286
591.81	84.391
610.76	86.643
621.25	88.643
631.92	90.393
641.68	91.536
653.26	93.036
662.78	94.857
671.87	96.536
686.33	97.714
696.93	99.143
709.51	100.536
726.01	101.679
741	102.464
771.26	103.107
792.56	103.893
820.72	104.286
841.96	105.179
867.43	106.036
893.67	107.179
906.7	107.821
931.75	108.214
957.49	108.714
986.46	108.929
1024.12	108.607
1062.31	108
1095.38	107.893
1137.2	108.5
1221.53	108.643
1261.7	107.964
1304.3	107.429
1321.07	107.429
1365.68	108.036
1403.41	108.786
1432.38	109.464
1465.7	109.964
1521.7	110.25
1559.7	110.857
1611	111.679
1666.8	112.5
1724.6	112.536
1770.7	112.036
1843	111.893
1921.5	112.036
1993.2	112.607
2067.5	113.179
2144.6	113.357
2203.9	113.464
2286.1	113.107
2361.3	112.857
2443.1	112.286
2527.7	111.786
2617.5	110.714
2683	109.429
2740.7	107.893
2790.2	106.893
2838.1	106
2896.7	105.071
2966.6	104.571
3015	104.286
3093	104.536
3183.9	105.25
3255.1	105.964
3330.8	106.893
3411.2	107.607
3508.4	108.143
3617.6	108.429
3765.4	108.036
3879.3	107.643
3969.5	107.036
4103.6	106.821
4256.6	106.571
4389.1	106.25
4541.2	106
4690.5	105.679
4974.4	105.679
5064.1	104.714
5159.9	103.964
5284.4	102.679
5411.9	101.571
5552	101.464
5734.6	101.964
5918.1	102.321
6009.5	102.75
6207.2	102.964
6466.1	102.929
6588.4	103.75
6718.7	104.464
6939.7	105.286
7107.2	105.714
7297.3	105.429
7563	105.286
7858.4	104.893
8020.7	104.25
8172.3	103.536
8348.2	103.107
8630.1	102.857
8990.1	102.821
9349.3	103
9780.9	103.25
9957.4	102.75
10215	103
10390.5	103.714
10605	104
10907.3	103.464
11237.3	102.786
11430.3	102.571
11686.2	102.857
11907.2	103.464
12132.3	103.75
12403.9	103.25
12542	102.25
12670.8	101.536
12790.1	101.179
12976.6	101.393
13222	101.786
13541	102.393
13691.8	103.357
13926.9	104.214
14238.7	103.607
14632	102.25
14871	101.321
15178	100.857
15478	100.929
15650	101.929
15851	102.857
16110	102.107
16345	100.786
16668	99.893
17012	99.5
17216	98.25
17319	97.393
17707	98.321
17828	99.321
18011	100.214
18305	100.643
18635	100.571
18988	99.929
19101	98.75
19396	97.179
19612	95.857
20000	93.964
