311.73	69.717
331.61	73.045
346.87	75.382
358.77	77.082
371.59	79.348
391.98	81.615
415.81	83.881
439.86	86.643
459.44	88.414
471.88	89.688
488.75	90.113
509.08	91.813
526.55	93.513
555.43	95.85
581.8	98.045
622.4	100.807
643.75	102.011
672.42	103.144
705.33	104.348
726.45	105.482
750.32	106.261
781.53	106.686
815.19	107.11
858.7	107.535
912.2	108.314
966.3	108.881
1019.3	109.306
1118.4	110.581
1208.2	111.785
1371.2	112.635
1534.3	111.714
1613.9	111.006
1733.9	110.085
1934.7	111.076
2090.2	111.643
2365.4	112.422
2566.3	111.643
2722.3	110.51
2887.8	109.448
3085	108.314
3263.4	107.96
3520.7	108.669
3950.8	109.66
4396.1	110.085
4776.2	109.943
5002.9	109.164
5160	108.173
5329.5	106.969
5520.1	107.606
5629.8	108.173
5782.1	107.323
5947	106.261
6177	106.19
6488.4	105.907
6635.9	105.765
6912	106.261
7270.7	106.544
7615.8	107.677
7988.6	108.527
8391.4	107.89
8964	106.756
9416	107.819
9726	109.306
9989	110.652
10463	110.014
11130	108.881
11659	109.66
12756	110.439
13456	110.864
14395	110.227
15772	109.448
16754	110.156
17184	111.147
17353	112.918
17624	114.122
18280	115.326
18907	114.688
19282	113.343
19638	110.935
20141	106.898
20397	103.215
20744	98.612
20891	96.133
21276	94.363
21699	96.487
21944	99.958
22443	101.799
