334.25	70
353.05	72.374
364.12	73.701
376.06	75.098
389.49	76.704
405.66	78.52
426.68	80.615
449.42	82.291
467.42	83.757
494.41	85.922
513.5	87.109
534.08	88.506
556.26	89.902
578.55	91.648
600.89	93.464
623.21	95.489
650.01	97.235
675.1	98.841
698.22	99.958
727.22	101.564
751.07	102.332
773.54	103.24
797.79	103.939
837.94	104.846
871.52	105.615
907.7	106.173
948.1	106.732
986.1	107.291
1022.7	107.849
1071.2	108.059
1168.5	108.268
1274.7	107.989
1396.5	107.919
1485.4	107.5
1560.2	107.221
1673.6	107.989
1777.6	108.617
1856.7	109.246
1947.4	109.665
2086	109.316
2191	108.547
2272.4	107.849
2434.1	107.5
2636.8	107.5
2789.1	107.709
2983.4	107.849
3186.7	108.059
3342.5	107.64
3461.8	107.221
3656.5	107.43
3905.8	107.709
4090.9	108.478
4195.5	108.966
4308.9	109.595
4494.1	110.363
4700.5	110.852
4937.1	110.503
5035.1	109.804
5142.2	108.966
5222.2	108.198
5340.7	107.64
5633.2	108.478
5818	107.849
6051.1	107.36
6382.5	107.36
6555	106.872
6865.6	107.43
7221.3	107.779
7406.1	108.547
7595.5	109.036
7922	108.757
8101.9	107.989
8379.4	107.151
8642.1	106.383
8838.3	106.173
9115	106.732
9388	107.64
9696	108.827
9888	109.944
10070	110.223
10313	109.316
10697	109.385
11141	109.595
11539	109.944
12342	109.874
12676	109.385
13202	110.223
13770	110.503
14222	110.992
14668	109.874
15064	109.455
15406	108.966
15867	109.735
16227	110.642
16642	112.249
17067	112.947
17260	113.436
17751	111.969
18053	111.131
18282	109.944
18645	108.547
18776	106.872
19015	105.056
19365	103.38
19721	101.564
19944	98.98
20141	102.472
20197	100.656
20483	103.659
20801	104.358
21155	103.24
21423	102.053
21635	100.447
21910	98.212
22188	97.165
22407	96.257
