201.39	69.432
216.97	74.119
233.75	79.091
247.27	82.287
263.79	85.128
285.79	88.608
297.69	90.312
313.14	91.378
329.39	92.869
356.37	95.994
381.79	98.551
416.56	100.824
453.85	102.741
484.85	103.949
502.9	104.943
547.16	105.582
596.99	106.151
660.57	106.932
700.75	107.287
769.96	107.926
833.02	108.494
886.2	109.276
971	109.986
1024.2	110.625
1086.5	111.335
1167.3	110.483
1255.8	109.986
1370.2	109.062
1461.7	108.494
1537.6	107.713
1610.6	107.074
1718.2	106.364
1762.2	106.222
1840.7	106.648
1983.1	107.358
2106.7	108.068
2260.1	108.636
2424.6	108.068
2630.6	107.358
2751.7	106.719
2894.5	106.364
3100.9	106.79
3317.4	107.642
3440.8	108.565
3579	109.631
3733.1	110.554
3926.9	111.477
4125	110.199
4272.5	109.205
4437.8	107.571
4577.2	106.577
4668.2	106.435
4862.4	107.216
5057.6	107.784
5253.3	108.352
5479.6	109.489
5772.1	108.352
5970.2	107.571
6262.5	106.932
6422.9	106.435
6784.9	107.571
7167.3	108.494
7476	108.068
7842	106.861
8330.7	107.642
8592.3	108.494
8900	109.56
9102	109.986
9494	110.341
10043	109.489
10432	108.636
10851	107.855
11350	108.849
11789	109.631
12665	110.341
13587	110.767
14783	110.838
15551	111.761
16107	110.199
16381	108.068
16872	106.435
17426	108.068
18202	110.483
18960	111.548
20198	111.548
20774	112.543
21456	113.253
21944	112.898
22099	111.69
