356.47	69.788
371.33	71.342
388.98	73.107
415.59	75.297
435.35	77.062
449.67	78.121
480.43	80.381
520.56	82.712
556.17	84.336
602.63	86.102
630.4	87.161
659.44	88.362
690.8	89.492
721.61	90.621
746.4	91.751
780.79	92.881
835.37	94.082
873.86	95.141
914.1	96.271
956.2	97.472
1001.7	98.531
1047.9	99.732
1107	100.791
1146.6	101.356
1225.1	102.556
1261.8	103.121
1312.5	103.686
1378.8	103.969
1456.6	104.251
1551.9	104.322
1605.2	104.181
1653.4	104.816
1703	105.311
1756.5	105.946
1858.3	107.006
1935.7	107.712
2002.2	108.206
2109.3	108.63
2269.4	109.195
2448.7	109.76
2657	110.325
2806.9	110.537
3058.6	110.819
3199.5	110.325
3342.2	109.831
3545.8	109.336
3825.8	109.124
4013.4	109.336
4269.8	110.325
4536.2	111.031
4731.9	111.243
4908.3	110.607
5112.8	109.972
5416.5	109.054
5770.7	108.489
6053.6	108.206
6377.3	108.701
6689.9	109.054
6998.1	109.407
7487.3	110.184
8021.9	110.96
8321	110.819
8582.7	109.407
8790.5	108.418
9042	108.842
9247	109.831
9498	110.749
9797	109.901
10191	108.136
10615	106.935
10965	106.229
11262	105.876
11567	104.816
11781	104.746
11965	105.593
12254	106.794
12569	107.782
12711	108.206
13019	107.641
13353	106.864
14027	107.076
14448	107.006
14861	107.924
15029	109.266
15328	110.113
15677	109.266
15944	108.277
16330	107.359
16820	107.712
17276	108.842
17571	110.678
17770	111.808
17996	112.232
18329	111.102
18510	109.619
18746	107.853
18932	104.534
19119	101.497
19308	100.085
19944	101.356
20600	100.226
21218	101.073
21947	98.743
22258	95.212
