19.949	62.146
20.775	61.298
21.254	61.51
21.58	62.199
22.302	62.199
22.473	61.033
22.875	59.815
23.284	58.172
23.581	55.841
24.186	54.57
24.619	54.887
24.996	55.682
25.251	56.901
25.833	58.331
26.496	59.815
27.453	58.702
27.593	56.742
28.445	54.199
28.807	52.026
29.622	50.914
30.926	51.815
31.004	53.457
31.719	55.576
31.8	56.761
31.961	59.444
32.287	63.152
33.368	64.477
33.965	62.623
34.749	60.556
34.926	56.636
35.371	52.556
35.731	47.258
36.463	45.457
36.741	42.831
36.834	43.02
38.165	40.424
38.359	40.732
38.553	41.536
38.749	43.709
39.144	46.411
39.243	48.106
39.543	49.96
40.764	51.126
41.284	50.278
41.81	49.166
42.558	47.894
43.32	45.934
43.761	43.073
44.771	40.848
45.457	41.854
46.036	42.861
48.675	43.497
49.171	45.033
50.69	46.252
53.868	45.563
54.142	45.628
55.672	50.172
56.812	50.596
58.27	50.225
59.013	49.642
59.766	48.848
60.528	49.272
61.767	49.801
63.513	50.013
63.998	49.695
65.64	48.901
66.309	47.682
67.839	48.106
68.53	48.848
68.704	50.702
71.185	50.384
71.728	51.179
72.092	48.742
72.827	47.629
74.885	46.093
78.38	44.715
79.581	43.815
81.005	42.914
82.246	42.712
82.455	42.702
87.404	43.55
89.193	42.861
90.79	43.179
93.12	44.026
96.727	44.503
97.961	46.94
98.21	45.563
98.96	49.43
99.21	50.49
99.46	51.762
100.99	53.139
102.01	55.036
102.27	54.675
104.63	57.113
106.24	57.272
108.41	56.265
109.24	55.788
110.35	53.245
110.91	54.623
111.76	51.974
112.9	50.543
114.92	48.901
116.68	48
117.27	47.046
119.98	45.934
122.43	45.033
126.21	44.185
129.45	46.093
130.77	47.947
133.11	49.166
134.47	50.596
136.18	52.556
137.22	54.781
138.97	55.894
141.1	56.371
146.57	55.947
152.63	54.94
156.15	53.669
159.35	52.238
162.61	51.02
166.36	50.384
169.77	54.199
172.37	55.947
174.13	56.848
176.35	57.219
180.87	56.371
187.41	56
196.15	56.477
201.19	57.43
203.24	58.702
206.87	59.921
213.8	60.132
222.65	59.444
230.1	58.172
240.84	59.179
245.15	60.821
250.17	61.351
263.18	60.768
274.07	61.245
276.86	62.675
281.82	63.576
284.69	64.689
288.32	66.49
294.97	68.132
302.54	67.073
309.52	66.066
317.46	66.066
319.88	67.02
328.93	68.238
344.28	67.444
353.11	68.185
369.59	66.914
382.94	69.563
385.86	72.265
396.77	73.96
401.83	76.185
416.34	76.503
434.66	75.656
442.44	78.146
448.08	80.742
461.92	83.974
488.4	83.762
512.49	83.656
525.64	81.766
526.98	81.854
548.78	83.073
552.97	84.874
560.02	86.623
564.3	88.159
580.25	89.007
607.33	90.172
627.67	93.881
643.77	97.325
661.97	100.291
680.68	102.358
705.26	103.046
732.59	103.947
738.18	105.695
753.3	107.921
774.59	108.185
794.47	106.49
823.16	104
844.28	104.795
865.95	106.543
876.99	107.603
897.22	107.073
910.97	105.96
951.07	105.695
963.2	105.06
982.9	104.106
1008.1	103.894
1036.6	104.795
1076.8	105.642
1096.1	106.967
1107.2	107.603
1132.8	107.974
1153.1	107.232
1173.7	106.596
1234.7	107.179
1247.3	108.079
1272.8	108.98
1332.2	108.662
1345.8	108.397
1380.3	109.245
1405	109.828
1463.2	109.881
1493.2	110.252
1543.2	110.993
1566.8	111.311
1611.1	110.94
1639.9	110.464
1699.1	110.411
1747.2	110.781
1824.1	110.623
1904.4	110.093
1973.2	108.768
2023.8	108.185
2086.3	108.344
2134.4	109.086
2200.3	109.881
2303	109.881
2435	109.881
2516.6	110.146
2607.5	109.351
2681.2	108.397
2778	107.974
2885.6	107.656
2997.4	107.073
3137.3	106.543
3250.6	105.801
3368	105.695
3454.4	105.642
3507.3	105.219
3680.3	105.377
3794	105.96
3901.2	106.702
4031.9	106.967
4220	107.073
4383.5	106.278
4484.6	105.325
4564.9	104.477
4670.2	104.212
4777.9	104.212
4925.5	104.848
5064.7	105.589
5155.3	106.066
5355	106.437
5548.4	105.96
5807.4	105.377
5986.7	105.06
6282	104.583
6558.5	103.947
6659	103.152
6969.7	102.94
7313.5	103.47
7501.2	103.947
7654.8	104.371
7772.1	104.636
7971.6	104.954
8093.7	104.901
8364.8	103.947
8557.7	103.311
8844.3	102.623
9071.3	102.093
9163.7	101.563
9327.7	101.298
9542.9	101.298
9713.7	101.828
10014	102.728
10219	103.47
10402	103.894
10615	103.682
10915	102.675
11280	101.934
11540	101.245
11747	99.974
11927	99.232
12110	99.073
12358	99.815
12515	101.563
12547	103.364
12739	104.954
13033	106.119
13166	107.55
13607	107.497
13850	106.596
14134	105.377
14170	103.47
14423	101.934
14570	99.974
14793	97.219
15020	96.212
15328	94.993
15761	93.987
16206	93.616
16538	94.834
16665	96.583
17006	98.384
17266	99.921
17665	101.351
17890	102.305
18256	102.94
18725	102.675
19012	101.298
19254	99.709
19352	97.536
19450	96.636
19849	94.993
20306	93.722
20828	91.921
21147	90.331
21200	88.583
21471	86.887
21580	85.722
21966	84.662
