14.316	59.721
15.048	61.037
15.536	61.954
15.817	62.751
16.071	63.987
16.427	65.183
16.792	65.861
17.44	66.778
17.826	67.935
18.149	68.971
18.663	69.809
18.963	70.526
19.932	71.085
20.784	71.762
22.065	73.078
23.1	74.155
24.769	75.311
26.191	76.348
27.04	76.627
27.916	76.986
29.109	77.982
30.053	78.541
31.275	79.059
32.418	79.817
34.006	80.853
36.536	82.289
38.943	83.525
42.259	84.92
46.042	86.316
50.363	87.671
55.641	88.987
59.188	89.545
63.46	90.183
67.51	90.702
72.82	91.1
80.14	91.3
86.1	91.539
93.06	91.021
103.22	90.423
111.79	90.223
120.83	90.303
125.49	90.463
135.37	90.901
154.4	91.14
161.97	91.22
174.36	90.662
188.84	90.622
204.92	90.263
221.04	90.263
242.27	90.781
256.69	91.22
273.6	91.539
300.47	91.579
326.71	91.22
353.12	90.901
387.81	90.423
410.07	90.144
443.22	90.502
469.6	90.383
492.61	89.785
509.59	90.064
542.07	90.622
574.33	90.702
612.16	90.343
638.3	89.864
685.8	89.705
718	89.107
742.8	88.628
765.3	88.429
787	89.027
817.3	89.466
878.1	89.426
906.6	89.306
972.1	89.585
1011.7	89.825
1067.6	90.463
1115.5	90.742
1153.9	90.901
1234.8	90.742
1269.8	90.423
1326.7	90.223
1380.7	89.864
1457	89.745
1525.4	89.386
1606.5	89.067
1692	88.987
1821.5	88.947
1903.1	89.226
1941.4	89.506
1984.5	89.904
2020.4	90.423
2069.3	91.061
2102.6	91.619
2157.8	92.337
2201.2	93.014
2245.6	93.453
2286.2	93.612
2327.6	93.812
2369.7	93.573
2441.7	93.134
2476	92.656
2485.9	91.898
2556.2	90.901
2602.5	89.665
2660.2	89.306
2735.5	89.785
2785	90.861
2841.1	91.539
2898.3	92.057
2927.3	92.177
3028.2	91.619
3107.7	90.502
3195.6	88.708
3279.5	86.754
3338.9	85.518
3433.4	84.641
3523.5	84.641
3608.8	85.159
3696.2	85.718
3778.2	85.199
3854.2	84.442
3955.4	83.365
4067.3	82.767
4241.2	82.727
4326.6	82.209
4413.7	81.651
4502.6	81.053
4620.8	80.774
4751.6	81.292
4847.3	81.531
5004.3	81.212
5115.3	80.016
5135.7	79.139
5207.9	77.823
5281.1	76.667
5355.3	74.394
5474	72.56
5651.4	70.526
5753.7	69.051
5811.4	68.573
5952	69.171
6011.7	70.287
6120.5	71.045
6231	70.845
6319	69.809
6485	69.25
6629	68.214
6830	67.576
7009	66.061
7179	64.625
7251	63.309
7323	62.911
7515	62.113
7713	61.356
7775	60.518
7868	59.96
