320.31	68.875
336.96	70.985
356.98	73.235
384.09	75.907
424.45	79.775
463.82	82.588
501.86	84.909
549.94	87.229
590.04	89.058
629.51	90.113
682.1	91.73
739.08	93.136
781.89	93.91
820.22	94.473
864.07	95.668
915.4	96.864
997.5	98.622
1107	100.098
1172.8	101.224
1268.9	102.982
1355.7	104.669
1483.5	106.357
1562.9	106.92
1691	107.553
1971.5	107.975
2094.5	108.608
2200.2	109.381
2404.3	110.225
2504.5	110.506
2590.5	110.084
2702.2	109.522
2783.3	108.889
2854.7	108.397
2965.3	108.186
3150.4	107.834
3447.3	108.186
3672.8	107.764
3974	107.342
4336.4	107.06
4633	106.639
5005.9	106.85
5348.3	107.412
5594.7	107.975
5977.4	108.537
6467.7	108.748
6968.6	108.397
7455.7	107.904
7854.3	107.834
8181.6	107.693
8368	108.819
8522.5	109.873
8716.6	110.506
9029	109.592
9261	108.537
9445	108.467
9674	109.241
10020	110.436
10394	110.084
10705	109.1
11027	108.045
11421	107.06
11847	106.639
12481	107.271
13037	107.904
13485	109.451
13968	108.326
14428	106.779
14882	105.373
15242	103.966
15524	103.052
15900	103.896
16262	105.513
16585	104.318
16820	102.489
17107	101.013
17374	102.138
17645	103.685
17895	105.232
18200	106.779
18588	107.834
19227	110.014
19860	108.186
20085	105.865
20369	101.997
20716	103.755
21010	105.021
21610	105.373
22009	105.232
