175.57	69.93
183.15	71.831
195.43	74.225
207.07	76.62
216.63	78.239
234.77	81.479
242.85	82.817
262.44	85.07
283.62	87.183
294.21	87.746
301.78	88.38
310.85	89.507
324.75	91.197
334.51	91.761
344.08	92.324
360.99	92.817
386.28	93.451
413.92	94.014
439.8	94.577
491.65	95.141
536.59	95.704
574.99	96.268
600.69	96.831
618.75	97.394
652.82	98.521
697.57	99.93
760.25	101.338
811.22	102.465
854.69	103.592
908.1	104.718
973.1	105.845
1031.1	106.69
1119	107.606
1207.5	108.099
1305	108.662
1376.8	109.225
1530.5	110.07
1701.3	110.423
1825.6	110.845
1995.2	111.479
2114	111.761
2300.8	111.268
2482.9	110.634
2756.1	109.648
2924.3	110.07
3133.6	109.648
3227.8	109.296
3478.3	110.282
3680.2	110.986
3971.5	111.62
4231.8	111.197
4402.3	110.07
4664.4	108.662
4970.1	106.972
5221.7	106.831
5462.8	107.676
5674.8	108.38
5886.8	109.577
6089.5	110.282
6299.2	110.211
6627.4	108.732
6807.4	106.831
6982.5	105.07
7263.8	106.268
7577.8	107.254
7950.1	108.169
8352.4	109.014
8762.8	110.211
9193	110.915
9713	109.859
10005	109.507
10292	110.704
10556	112.042
10920	113.099
11360	111.761
11734	110.07
12190	108.592
13044	106.338
13360	107.746
13685	109.648
14116	111.127
14956	109.366
15559	107.535
16095	105.704
16649	104.155
17271	105.211
18018	106.69
18929	107.676
20113	108.732
21012	109.366
22295	109.366
