12.243	59.921
13.08	61.517
14.634	64.388
15.76	66.302
17.11	68.575
18.389	70.25
19.845	72.244
21.244	73.959
22.833	75.674
24.248	77.19
26.219	78.785
28.464	80.54
30.167	81.617
31.972	82.454
34.64	83.93
37.607	85.446
40.017	86.443
43.011	87.52
46.507	88.676
50.489	89.753
54.703	90.751
58.795	91.429
63.32	92.067
67.92	92.586
70.13	92.745
73.29	92.666
76.29	92.945
79.25	93.185
82.16	93.025
86.38	92.707
91.37	92.468
96.06	92.189
100.8	91.83
105.55	91.831
109.65	91.831
115.74	92.15
120.48	92.389
127.18	92.469
131.58	92.749
137.51	92.908
144	93.108
150.19	92.949
156.64	92.949
169.38	92.949
179.51	92.631
186.48	92.272
195.67	92.153
206.96	92.233
215.42	91.994
227.4	92.353
235.28	92.632
252.37	92.952
269.09	93.111
288.06	93.471
303.47	93.67
323.57	93.471
341.55	93.232
359.1	92.874
367.84	92.595
391.42	92.515
411.53	92.236
426.64	91.957
445.87	91.559
462.25	91.24
476.35	90.802
489.91	90.204
514.04	90.045
542.62	90.045
558.06	89.886
585.56	90.085
615.64	90.245
648.6	90.405
664.4	90.405
683.3	90.724
702.7	91.003
716.9	91.362
732.9	91.322
755.3	91.642
776.8	92.2
802.1	92.559
826.5	92.998
862.1	93.436
899.1	93.516
941.5	93.676
997.9	93.876
1036.6	94.075
1076.8	94.355
1123.1	94.514
1190.3	94.156
1236.5	93.917
1326.3	93.558
1388.9	93.359
1469	92.921
1516.9	92.682
1566.3	92.403
1594.8	92.164
1646.8	92.563
1717.6	93.081
1798.6	93.64
1857.2	94.039
1910	94.637
1940.9	94.956
1992.1	95.115
2052.9	94.956
2086.1	94.597
2171.4	94.239
2197.7	94.558
2251.2	95.435
2283	95.874
2310.6	96.273
2352.6	96.831
2381.1	97.19
2424.4	97.589
2493.4	97.31
2533.7	96.632
2585	95.874
2616.3	95.117
2679.9	93.323
2745.2	91.728
2800.7	90.612
2857.4	90.054
2927	90.532
2968.3	91.09
3040.6	91.21
3190.4	91.29
3248.4	90.812
3442.8	90.812
3540.7	90.134
3626.9	88.5
3752.6	86.506
3851.7	85.988
4025.3	86.228
4164.7	86.228
4309.1	85.311
4361.2	84.633
4485.3	83.437
4557.8	82.48
4631.4	81.523
4734.6	80.806
4849.9	80.248
4987.9	79.969
5088.8	80.726
5119.5	81.364
5212.7	82.042
5296.9	82.401
5447.6	80.488
5458.6	80.595
5569.1	79.491
5739	78.255
5808.4	76.939
5914.1	75.943
6009.7	74.906
6106.8	73.949
6206	72.514
6369	70.64
6485	68.248
6791	67.53
6956	66.494
7083	66.613
7226	67.052
7447	66.733
7567	66.016
7628	65.178
7798	64.062
7877	63.025
8036	62.707
8085	63.504
8133	64.421
8248	65.298
8382	64.7
8483	63.744
8517	62.787
8707	60.753
8955	59.996
